<?xml version="1.0" encoding="UTF-8"?>
<!-- Generated by org.testng.reporters.JUnitReportReporter -->
<testsuite hostname="Pruthvi" failures="0" tests="3" name="Selenium_TestNG.TC0012_TestNG" time="27.361" errors="0" timestamp="2025-08-20T17:03:11 IST" skipped="0">
  <testcase classname="Selenium_TestNG.TC0012_TestNG" name="loginTest" time="9.459"/>
  <testcase classname="Selenium_TestNG.TC0012_TestNG" name="loginTest" time="9.157"/>
  <testcase classname="Selenium_TestNG.TC0012_TestNG" name="loginTest" time="8.745"/>
</testsuite> <!-- Selenium_TestNG.TC0012_TestNG -->
