<?xml version="1.0" encoding="UTF-8"?>
<!-- Generated by org.testng.reporters.JUnitReportReporter -->
<testsuite hostname="Pruthvi" failures="0" tests="2" name="Selenium_TestNG.Lab9_4" time="4.733" errors="0" timestamp="2025-08-19T14:58:02 IST" skipped="0">
  <testcase classname="Selenium_TestNG.Lab9_4" name="testBing" time="2.375"/>
  <testcase classname="Selenium_TestNG.Lab9_4" name="testBing" time="2.358"/>
</testsuite> <!-- Selenium_TestNG.Lab9_4 -->
