<?xml version="1.0" encoding="UTF-8"?>
<!-- Generated by org.testng.reporters.JUnitReportReporter -->
<testsuite hostname="Pruthvi" failures="0" tests="1" name="Selenium_TestNG.TC0014_TestNGparallelTest" time="0.026" errors="0" timestamp="2025-08-19T14:38:16 IST" skipped="0">
  <testcase classname="Selenium_TestNG.TC0014_TestNGparallelTest" name="Test2" time="0.026"/>
</testsuite> <!-- Selenium_TestNG.TC0014_TestNGparallelTest -->
