<?xml version="1.0" encoding="UTF-8"?>
<!-- Generated by org.testng.reporters.JUnitReportReporter -->
<testsuite hostname="Pruthvi" failures="0" tests="2" name="Selenium_Pac1.Lab9_TestSuite" time="4.678" errors="0" timestamp="2025-08-19T14:12:06 IST" skipped="0">
  <testcase classname="Selenium_Pac1.Lab9_TestSuite" name="testOpenGoogle" time="3.317"/>
  <testcase classname="Selenium_Pac1.Lab9_TestSuite" name="testOpenBing" time="1.361"/>
</testsuite> <!-- Selenium_Pac1.Lab9_TestSuite -->
