<?xml version="1.0" encoding="UTF-8"?>
<!-- Generated by org.testng.reporters.JUnitReportReporter -->
<testsuite hostname="Pruthvi" failures="0" tests="3" name="Selenium_TestNG.Tc0015_TestNGPriority" time="46.758" errors="0" timestamp="2025-08-19T14:40:14 IST" skipped="0">
  <testcase classname="Selenium_TestNG.Tc0015_TestNGPriority" name="test2" time="39.600"/>
  <testcase classname="Selenium_TestNG.Tc0015_TestNGPriority" name="test3" time="4.257"/>
  <testcase classname="Selenium_TestNG.Tc0015_TestNGPriority" name="test1" time="2.901"/>
</testsuite> <!-- Selenium_TestNG.Tc0015_TestNGPriority -->
