<?xml version="1.0" encoding="UTF-8"?>
<!-- Generated by org.testng.reporters.JUnitReportReporter -->
<testsuite hostname="Pruthvi" failures="0" tests="1" name="Selenium_TestNG.Lab12_TutorialsNinjaRegisterTest" time="2.681" errors="0" timestamp="2025-08-21T16:29:38 IST" skipped="0">
  <testcase classname="Selenium_TestNG.Lab12_TutorialsNinjaRegisterTest" name="registerNewUser" time="2.681"/>
</testsuite> <!-- Selenium_TestNG.Lab12_TutorialsNinjaRegisterTest -->
