<?xml version="1.0" encoding="UTF-8"?>
<!-- Generated by org.testng.reporters.JUnitReportReporter -->
<testsuite hostname="Pruthvi" failures="0" tests="2" name="Selenium_TestNG.TC0017" time="14.662" errors="0" timestamp="2025-08-20T17:07:23 IST" skipped="0">
  <testcase classname="Selenium_TestNG.TC0017" name="loginTest" time="7.598"/>
  <testcase classname="Selenium_TestNG.TC0017" name="loginTest" time="7.064"/>
</testsuite> <!-- Selenium_TestNG.TC0017 -->
