<?xml version="1.0" encoding="UTF-8"?>
<!-- Generated by org.testng.reporters.JUnitReportReporter -->
<testsuite hostname="Pruthvi" failures="0" tests="2" name="Selenium_TestNG.Lab9_3" time="10.252" errors="0" timestamp="2025-08-19T14:58:02 IST" skipped="0">
  <testcase classname="Selenium_TestNG.Lab9_3" name="testGoogle" time="5.853"/>
  <testcase classname="Selenium_TestNG.Lab9_3" name="testGoogle" time="4.399"/>
</testsuite> <!-- Selenium_TestNG.Lab9_3 -->
