<?xml version="1.0" encoding="UTF-8"?>
<!-- Generated by org.testng.reporters.JUnitReportReporter -->
<testsuite hostname="Pruthvi" failures="0" tests="1" name="Selenium_TestNG.TC0013_TestNGParllelTesting" time="4.799" errors="0" timestamp="2025-08-19T14:36:47 IST" skipped="0">
  <testcase classname="Selenium_TestNG.TC0013_TestNGParllelTesting" name="test1" time="4.799"/>
</testsuite> <!-- Selenium_TestNG.TC0013_TestNGParllelTesting -->
